#
# There is insufficient memory for the Java Runtime Environment to continue.
# Native memory allocation (malloc) failed to allocate 1048576 bytes for AllocateHeap
# Possible reasons:
#   The system is out of physical RAM or swap space
#   The process is running with CompressedOops enabled, and the Java Heap may be blocking the growth of the native heap
# Possible solutions:
#   Reduce memory load on the system
#   Increase physical memory or swap space
#   Check if swap backing store is full
#   Decrease Java heap size (-Xmx/-Xms)
#   Decrease number of Java threads
#   Decrease Java thread stack sizes (-Xss)
#   Set larger code cache with -XX:ReservedCodeCacheSize=
#   JVM is running with Unscaled Compressed Oops mode in which the Java heap is
#     placed in the first 4GB address space. The Java Heap base address is the
#     maximum limit for the native heap growth. Please use -XX:HeapBaseMinAddress
#     to set the Java Heap base and to place the Java Heap above 4GB virtual address.
# This output file may be truncated or incomplete.
#
#  Out of Memory Error (./open/src/hotspot/share/memory/allocation.cpp:44), pid=16536, tid=16584
#
# JRE version:  (14.0.1+7) (build )
# Java VM: Java HotSpot(TM) 64-Bit Server VM (14.0.1+7, mixed mode, sharing, tiered, compressed oops, g1 gc, windows-amd64)
# No core dump will be written. Minidumps are not enabled by default on client versions of Windows
#

---------------  S U M M A R Y ------------

Command Line: -Dfile.encoding=Cp1252 --module-path=C:\Users\lysa thorn\eclipse-workspace\employee_management\bin;D:\javafx-sdk-11.0.2\lib\javafx.base.jar;D:\javafx-sdk-11.0.2\lib\javafx.controls.jar;D:\javafx-sdk-11.0.2\lib\javafx.fxml.jar;D:\javafx-sdk-11.0.2\lib\javafx.graphics.jar;D:\javafx-sdk-11.0.2\lib\javafx.media.jar;D:\javafx-sdk-11.0.2\lib\javafx.swing.jar;D:\javafx-sdk-11.0.2\lib\javafx.web.jar;D:\javafx-sdk-11.0.2\lib\javafx-swt.jar -Djdk.module.main=employee_management employee_management/application.Main

Host: Intel(R) Core(TM) i5-8265U CPU @ 1.60GHz, 8 cores, 7G,  Windows 10 , 64 bit Build 18362 (10.0.18362.1500)
Time: Tue Apr 20 22:00:15 2021 SE Asia Standard Time elapsed time: 0 seconds (0d 0h 0m 0s)

---------------  T H R E A D  ---------------

Current thread (0x000002ae17a8c000):  JavaThread "Unknown thread" [_thread_in_vm, id=16584, stack(0x000000bf1a100000,0x000000bf1a200000)]

Stack: [0x000000bf1a100000,0x000000bf1a200000]
Native frames: (J=compiled Java code, j=interpreted, Vv=VM code, C=native code)
V  [jvm.dll+0x5f840a]
V  [jvm.dll+0x741e4a]
V  [jvm.dll+0x7435ff]
V  [jvm.dll+0x743c43]
V  [jvm.dll+0x20d288]
V  [jvm.dll+0xa2b2f]
V  [jvm.dll+0x2a97f3]
V  [jvm.dll+0x2a1a3c]
V  [jvm.dll+0x71f718]
V  [jvm.dll+0x321c44]
V  [jvm.dll+0x700b0c]
V  [jvm.dll+0x392dff]
V  [jvm.dll+0x394e71]
C  [jli.dll+0x523b]
C  [ucrtbase.dll+0x210b2]
C  [KERNEL32.DLL+0x17c24]
C  [ntdll.dll+0x6d721]


---------------  P R O C E S S  ---------------

Threads class SMR info:
_java_thread_list=0x00007ffce9293078, length=0, elements={
}

Java Threads: ( => current thread )

Other Threads:
  0x000002ae17ace800 GCTaskThread "GC Thread#0" [stack: 0x000000bf1a200000,0x000000bf1a300000] [id=16588]

[error occurred during error reporting (printing all threads), id 0xc0000005, EXCEPTION_ACCESS_VIOLATION (0xc0000005) at pc=0x00007ffce8abe220]

VM state:not at safepoint (not fully initialized)

VM Mutex/Monitor currently owned by a thread:  ([mutex/lock_event])
[0x000002ae17a88020] Heap_lock - owner thread: 0x000002ae17a8c000

Heap address: 0x0000000082200000, size: 2014 MB, Compressed Oops mode: 32-bit
Narrow klass base: 0x0000000000000000, Narrow klass shift: 0

GC Heap History (0 events):
No events

Deoptimization events (0 events):
No events

Classes unloaded (0 events):
No events

Classes redefined (0 events):
No events

Internal exceptions (0 events):
No events

Events (2 events):
Event: 0.007 Loaded shared library C:\Program Files (x86)\Java\jdk-14.0.1\bin\java.dll
Event: 0.007 Loaded shared library C:\Program Files (x86)\Java\jdk-14.0.1\bin\zip.dll


Dynamic libraries:
0x00007ff7e12a0000 - 0x00007ff7e12af000 	C:\Program Files (x86)\Java\jdk-14.0.1\bin\javaw.exe
0x00007ffd03000000 - 0x00007ffd031f0000 	C:\Windows\SYSTEM32\ntdll.dll
0x00007ffd02d30000 - 0x00007ffd02de2000 	C:\Windows\System32\KERNEL32.DLL
0x00007ffd003a0000 - 0x00007ffd00645000 	C:\Windows\System32\KERNELBASE.dll
0x00007ffd006e0000 - 0x00007ffd007da000 	C:\Windows\System32\ucrtbase.dll
0x00007ffcf0140000 - 0x00007ffcf0158000 	C:\Program Files (x86)\Java\jdk-14.0.1\bin\jli.dll
0x00007ffcf0120000 - 0x00007ffcf0135000 	C:\Program Files (x86)\Java\jdk-14.0.1\bin\VCRUNTIME140.dll
0x00007ffd02f10000 - 0x00007ffd02fb3000 	C:\Windows\System32\ADVAPI32.dll
0x00007ffd019f0000 - 0x00007ffd01a8e000 	C:\Windows\System32\msvcrt.dll
0x00007ffd01880000 - 0x00007ffd01917000 	C:\Windows\System32\sechost.dll
0x00007ffd01dc0000 - 0x00007ffd01edf000 	C:\Windows\System32\RPCRT4.dll
0x00007ffd01a90000 - 0x00007ffd01c24000 	C:\Windows\System32\USER32.dll
0x00007ffd00020000 - 0x00007ffd00041000 	C:\Windows\System32\win32u.dll
0x00007ffcded70000 - 0x00007ffcdeff4000 	C:\Windows\WinSxS\amd64_microsoft.windows.common-controls_6595b64144ccf1df_6.0.18362.1500_none_9e79be6de462295c\COMCTL32.dll
0x00007ffd02010000 - 0x00007ffd02036000 	C:\Windows\System32\GDI32.dll
0x00007ffd013a0000 - 0x00007ffd016d6000 	C:\Windows\System32\combase.dll
0x00007ffd001e0000 - 0x00007ffd00378000 	C:\Windows\System32\gdi32full.dll
0x00007ffd01010000 - 0x00007ffd010ae000 	C:\Windows\System32\msvcp_win.dll
0x00007ffd00650000 - 0x00007ffd006d1000 	C:\Windows\System32\bcryptPrimitives.dll
0x00007ffcf74e0000 - 0x00007ffcf74ea000 	C:\Windows\SYSTEM32\VERSION.dll
0x00007ffd01c30000 - 0x00007ffd01c5e000 	C:\Windows\System32\IMM32.DLL
0x00007ffcefdf0000 - 0x00007ffcefe8b000 	C:\Program Files (x86)\Java\jdk-14.0.1\bin\msvcp140.dll
0x00007ffce8810000 - 0x00007ffce932e000 	C:\Program Files (x86)\Java\jdk-14.0.1\bin\server\jvm.dll
0x00007ffd02df0000 - 0x00007ffd02df8000 	C:\Windows\System32\PSAPI.DLL
0x00007ffcfa8e0000 - 0x00007ffcfa904000 	C:\Windows\SYSTEM32\WINMM.dll
0x00007ffce2060000 - 0x00007ffce2069000 	C:\Windows\SYSTEM32\WSOCK32.dll
0x00007ffd02080000 - 0x00007ffd020ef000 	C:\Windows\System32\WS2_32.dll
0x00007ffcfa7c0000 - 0x00007ffcfa7ed000 	C:\Windows\SYSTEM32\WINMMBASE.dll
0x00007ffd007e0000 - 0x00007ffd0082a000 	C:\Windows\System32\cfgmgr32.dll
0x00007ffcfff50000 - 0x00007ffcfff61000 	C:\Windows\System32\kernel.appcore.dll
0x00007ffcf8f10000 - 0x00007ffcf8f1a000 	C:\Program Files (x86)\Java\jdk-14.0.1\bin\jimage.dll
0x00007ffcfe7c0000 - 0x00007ffcfe9b4000 	C:\Windows\SYSTEM32\DBGHELP.DLL
0x00007ffce4dc0000 - 0x00007ffce4dea000 	C:\Windows\SYSTEM32\dbgcore.DLL
0x00007ffcf57c0000 - 0x00007ffcf57e5000 	C:\Program Files (x86)\Java\jdk-14.0.1\bin\java.dll
0x00007ffcf74c0000 - 0x00007ffcf74d6000 	C:\Program Files (x86)\Java\jdk-14.0.1\bin\zip.dll

dbghelp: loaded successfully - version: 4.0.5 - missing functions: none
symbol engine: initialized successfully - sym options: 0x614 - pdb path: .;C:\Program Files (x86)\Java\jdk-14.0.1\bin;C:\Windows\SYSTEM32;C:\Windows\WinSxS\amd64_microsoft.windows.common-controls_6595b64144ccf1df_6.0.18362.1500_none_9e79be6de462295c;C:\Program Files (x86)\Java\jdk-14.0.1\bin\server

VM Arguments:
jvm_args: -Dfile.encoding=Cp1252 --module-path=C:\Users\lysa thorn\eclipse-workspace\employee_management\bin;D:\javafx-sdk-11.0.2\lib\javafx.base.jar;D:\javafx-sdk-11.0.2\lib\javafx.controls.jar;D:\javafx-sdk-11.0.2\lib\javafx.fxml.jar;D:\javafx-sdk-11.0.2\lib\javafx.graphics.jar;D:\javafx-sdk-11.0.2\lib\javafx.media.jar;D:\javafx-sdk-11.0.2\lib\javafx.swing.jar;D:\javafx-sdk-11.0.2\lib\javafx.web.jar;D:\javafx-sdk-11.0.2\lib\javafx-swt.jar -Djdk.module.main=employee_management 
java_command: employee_management/application.Main
java_class_path (initial): <not set>
Launcher Type: SUN_STANDARD

[Global flags]
     intx CICompilerCount                          = 4                                         {product} {ergonomic}
     uint ConcGCThreads                            = 2                                         {product} {ergonomic}
     uint G1ConcRefinementThreads                  = 8                                         {product} {ergonomic}
   size_t G1HeapRegionSize                         = 1048576                                   {product} {ergonomic}
    uintx GCDrainStackTargetSize                   = 64                                        {product} {ergonomic}
   size_t InitialHeapSize                          = 132120576                                 {product} {ergonomic}
   size_t MarkStackSize                            = 4194304                                   {product} {ergonomic}
   size_t MaxHeapSize                              = 2111832064                                {product} {ergonomic}
   size_t MinHeapDeltaBytes                        = 1048576                                   {product} {ergonomic}
   size_t MinHeapSize                              = 8388608                                   {product} {ergonomic}
    uintx NonNMethodCodeHeapSize                   = 5839372                                {pd product} {ergonomic}
    uintx NonProfiledCodeHeapSize                  = 122909434                              {pd product} {ergonomic}
    uintx ProfiledCodeHeapSize                     = 122909434                              {pd product} {ergonomic}
    uintx ReservedCodeCacheSize                    = 251658240                              {pd product} {ergonomic}
     bool SegmentedCodeCache                       = true                                      {product} {ergonomic}
   size_t SoftMaxHeapSize                          = 2111832064                             {manageable} {ergonomic}
     bool UseCompressedClassPointers               = true                                 {lp64_product} {ergonomic}
     bool UseCompressedOops                        = true                                 {lp64_product} {ergonomic}
     bool UseG1GC                                  = true                                      {product} {ergonomic}
     bool UseLargePagesIndividualAllocation        = false                                  {pd product} {ergonomic}

Logging:
Log output configuration:
 #0: stdout all=warning uptime,level,tags
 #1: stderr all=off uptime,level,tags

Environment Variables:
PATH=C:/Program Files (x86)/Java/jdk-14.0.1/bin/server;C:/Program Files (x86)/Java/jdk-14.0.1/bin;C:\Program Files\Common Files\Oracle\Java\javapath;C:\Program Files (x86)\Common Files\Oracle\Java\javapath;C:\Windows\system32;C:\Windows;C:\Windows\System32\Wbem;C:\Windows\System32\WindowsPowerShell\v1.0\;C:\Windows\System32\OpenSSH\;C:\Program Files\Git\cmd;C:\xampp\php;C:\ProgramData\ComposerSetup\bin;C:\Program Files\nodejs\;C:\Program Files (x86)\Java\jre1.8.0_251\bin;C:\Program Files\MongoDB\Server\4.2\bin;C:\xampp\php\pear;C:\xampp\php\PEAR;C:\Program Files\Dart\dart-sdk\bin;C:\path\to\AndroidSDK;C:\Program Files (x86)\Java\jdk-15.0.1\bin;C:\Users\lysa thorn\AppData\Local\JetBrains\IntelliJIdea2020.3\compile-server;C:\Users\lysa thorn\AppData\Local\Microsoft\WindowsApps;C:\Users\lysa thorn\AppData\Roaming\Composer\vendor\bin;C:\Users\lysa thorn\AppData\Roaming\npm;C:\Users\lysa thorn\AppData\Local\Programs\Microsoft VS Code\bin;C:\Users\lysa thorn\eclipse\java-2020-033\eclipse;
USERNAME=lysa thorn
OS=Windows_NT
PROCESSOR_IDENTIFIER=Intel64 Family 6 Model 142 Stepping 11, GenuineIntel



---------------  S Y S T E M  ---------------

OS: Windows 10 , 64 bit Build 18362 (10.0.18362.1500)
OS uptime: 0 days 2:44 hours

CPU:total 8 (initial active 8) (4 cores per cpu, 2 threads per core) family 6 model 142 stepping 11, cmov, cx8, fxsr, mmx, sse, sse2, sse3, ssse3, sse4.1, sse4.2, popcnt, avx, avx2, aes, clmul, erms, 3dnowpref, lzcnt, ht, tsc, tscinvbit, bmi1, bmi2, adx, fma

Memory: 4k page, system-wide physical 8052M (1517M free)
TotalPageFile size 18222M (AvailPageFile size 5M)
current process WorkingSet (physical memory assigned to process): 10M, peak: 10M
current process commit charge ("private bytes"): 53M, peak: 54M

vm_info: Java HotSpot(TM) 64-Bit Server VM (14.0.1+7) for windows-amd64 JRE (14.0.1+7), built on Mar  5 2020 10:30:14 by "mach5one" with MS VC++ 15.9 (VS2017)

END.
